mode: set
library_management/controllers/book_controller.go:15.44,17.2 1 1
library_management/controllers/book_controller.go:19.46,22.55 2 1
library_management/controllers/book_controller.go:27.2,35.21 2 1
library_management/controllers/book_controller.go:40.2,40.46 1 0
library_management/controllers/book_controller.go:22.55,25.3 2 0
library_management/controllers/book_controller.go:35.21,38.3 2 0
library_management/controllers/book_controller.go:43.44,49.2 3 1
library_management/controllers/book_controller.go:51.43,58.21 3 0
library_management/controllers/book_controller.go:67.2,67.46 1 0
library_management/controllers/book_controller.go:58.21,59.45 1 0
library_management/controllers/book_controller.go:63.3,64.9 2 0
library_management/controllers/book_controller.go:59.45,62.4 2 0
library_management/controllers/book_controller.go:70.46,76.55 4 0
library_management/controllers/book_controller.go:81.2,83.21 1 0
library_management/controllers/book_controller.go:92.2,98.21 4 0
library_management/controllers/book_controller.go:102.2,102.61 1 0
library_management/controllers/book_controller.go:76.55,79.3 2 0
library_management/controllers/book_controller.go:83.21,84.45 1 0
library_management/controllers/book_controller.go:88.3,89.9 2 0
library_management/controllers/book_controller.go:84.45,87.4 2 0
library_management/controllers/book_controller.go:98.21,100.3 1 0
library_management/controllers/book_controller.go:105.46,112.21 3 0
library_management/controllers/book_controller.go:121.2,123.21 1 0
library_management/controllers/book_controller.go:127.2,127.34 1 0
library_management/controllers/book_controller.go:112.21,113.45 1 0
library_management/controllers/book_controller.go:117.3,118.9 2 0
library_management/controllers/book_controller.go:113.45,116.4 2 0
library_management/controllers/book_controller.go:123.21,125.3 1 0
